[alpha2] batch 1
[run] idknll_lr2e5_a2_ep5 on gpu 0
[run] altpo_lr1e5_b01_a2_ep5 on gpu 0
[run] altpo_lr2e5_b01_a2_ep5 on gpu 0
[run] altpo_lr5e5_b01_a2_ep5 on gpu 1
[run] undial_lr1e5_b10_a2_ep5 on gpu 1
[run] undial_lr1e4_b10_a2_ep5 on gpu 1
[alpha2] batch 2
[run] undial_lr3e4_b10_a2_ep5 on gpu 0
[run] idknll_lr5e5_a2_ep5 on gpu 0
[run] npo_lr2e5_b01_a2_ep5 on gpu 0
[run] idkdpo_lr5e5_b01_a2_ep5 on gpu 1
[run] idkdpo_lr1e5_b01_a2_ep5 on gpu 1
[run] npo_lr5e5_b01_a2_ep5 on gpu 1
[alpha2] batch 3
[run] idkdpo_lr2e5_b01_a2_ep5 on gpu 0
[run] npo_lr1e5_b01_a2_ep5 on gpu 1
[alpha5] batch 1
[run] idkdpo_lr1e5_b01_a5_ep5 on gpu 0
[run] idkdpo_lr2e5_b01_a5_ep5 on gpu 0
[run] idkdpo_lr5e5_b01_a5_ep5 on gpu 0
[run] npo_lr1e5_b01_a5_ep5 on gpu 1
[run] npo_lr2e5_b01_a5_ep5 on gpu 1
[run] npo_lr5e5_b01_a5_ep5 on gpu 1
[alpha5] batch 2
[run] altpo_lr1e5_b01_a5_ep5 on gpu 0
[run] altpo_lr2e5_b01_a5_ep5 on gpu 0
[run] altpo_lr5e5_b01_a5_ep5 on gpu 0
[run] undial_lr1e5_b10_a5_ep5 on gpu 1
[run] undial_lr1e4_b10_a5_ep5 on gpu 1
[run] undial_lr3e4_b10_a5_ep5 on gpu 1
[alpha5] batch 3
[run] graddiff_lr1e5_a5_ep5 on gpu 0
[run] graddiff_lr2e5_a5_ep5 on gpu 0
[run] graddiff_lr5e5_a5_ep5 on gpu 0
[run] idknll_lr1e5_a5_ep5 on gpu 1
[run] idknll_lr2e5_a5_ep5 on gpu 1
[run] idknll_lr5e5_a5_ep5 on gpu 1
