/home/jaeung/.local/lib/python3.9/site-packages/huggingface_hub/file_download.py:799: UserWarning: Not enough free disk space to download the file. The expected file size is: 2471.65 MB. The target location /home/jaeung/.cache/huggingface/hub/models--open-unlearning--unlearn_tofu_Llama-3.2-1B-Instruct_forget10_IdkNLL_lr2e-05_alpha2_epoch5/blobs only has 2244.55 MB free disk space.
  warnings.warn(
/home/jaeung/.local/lib/python3.9/site-packages/huggingface_hub/file_download.py:799: UserWarning: Not enough free disk space to download the file. The expected file size is: 2471.65 MB. The target location /home/jaeung/.cache/huggingface/hub/models--open-unlearning--unlearn_tofu_Llama-3.2-1B-Instruct_forget10_IdkNLL_lr2e-05_alpha2_epoch5/blobs only has 2244.54 MB free disk space.
  warnings.warn(
Xet Storage is enabled for this repo, but the 'hf_xet' package is not installed. Falling back to regular HTTP download. For better performance, install the package with: `pip install huggingface_hub[hf_xet]` or `pip install hf_xet`
================================================================================
S1/S2 Experiment with Teacher Forcing (Side-by-Side)
================================================================================
Mode: layer
Metric: logprob
Delta threshold: 0.05
EM scope: entity
Entity source: gt
Reference scope: continuation
Patch scope: span
Unlearn model: idknll_lr2e5_a2_ep5

Loading models...
Loading unlearn model: open-unlearning/unlearn_tofu_Llama-3.2-1B-Instruct_forget10_IdkNLL_lr2e-05_alpha2_epoch5
Traceback (most recent call last):
  File "/home/jaeung/activation-patching-unlearning/exp_s1_teacher_forcing.py", line 1205, in <module>
    main()
  File "/home/jaeung/activation-patching-unlearning/exp_s1_teacher_forcing.py", line 1087, in main
    unlearn = load_model(unlearn_model_id, dtype="bfloat16", device_map="cuda")
  File "/home/jaeung/activation-patching-unlearning/patchscope/models.py", line 39, in load_model
    model = AutoModelForCausalLM.from_pretrained(
  File "/home/jaeung/.local/lib/python3.9/site-packages/transformers/models/auto/auto_factory.py", line 571, in from_pretrained
    return model_class.from_pretrained(
  File "/home/jaeung/.local/lib/python3.9/site-packages/transformers/modeling_utils.py", line 309, in _wrapper
    return func(*args, **kwargs)
  File "/home/jaeung/.local/lib/python3.9/site-packages/transformers/modeling_utils.py", line 4421, in from_pretrained
    checkpoint_files, sharded_metadata = _get_resolved_checkpoint_files(
  File "/home/jaeung/.local/lib/python3.9/site-packages/transformers/modeling_utils.py", line 1023, in _get_resolved_checkpoint_files
    resolved_archive_file = cached_file(pretrained_model_name_or_path, filename, **cached_file_kwargs)
  File "/home/jaeung/.local/lib/python3.9/site-packages/transformers/utils/hub.py", line 312, in cached_file
    file = cached_files(path_or_repo_id=path_or_repo_id, filenames=[filename], **kwargs)
  File "/home/jaeung/.local/lib/python3.9/site-packages/transformers/utils/hub.py", line 557, in cached_files
    raise e
  File "/home/jaeung/.local/lib/python3.9/site-packages/transformers/utils/hub.py", line 470, in cached_files
    hf_hub_download(
  File "/home/jaeung/.local/lib/python3.9/site-packages/huggingface_hub/utils/_validators.py", line 114, in _inner_fn
    return fn(*args, **kwargs)
  File "/home/jaeung/.local/lib/python3.9/site-packages/huggingface_hub/file_download.py", line 1008, in hf_hub_download
    return _hf_hub_download_to_cache_dir(
  File "/home/jaeung/.local/lib/python3.9/site-packages/huggingface_hub/file_download.py", line 1159, in _hf_hub_download_to_cache_dir
    _download_to_tmp_and_move(
  File "/home/jaeung/.local/lib/python3.9/site-packages/huggingface_hub/file_download.py", line 1723, in _download_to_tmp_and_move
    http_get(
  File "/home/jaeung/.local/lib/python3.9/site-packages/huggingface_hub/file_download.py", line 497, in http_get
    temp_file.write(chunk)
OSError: [Errno 28] No space left on device
