[run] idkdpo_lr1e5_b01_a5_ep5 on gpu 0
[run] idkdpo_lr2e5_b01_a5_ep5 on gpu 0
[run] idkdpo_lr5e5_b01_a5_ep5 on gpu 0
[run] npo_lr1e5_b01_a5_ep5 on gpu 1
[run] npo_lr2e5_b01_a5_ep5 on gpu 1
[run] npo_lr5e5_b01_a5_ep5 on gpu 1
[batch1] done
[run] altpo_lr1e5_b01_a5_ep5 on gpu 0
[run] altpo_lr2e5_b01_a5_ep5 on gpu 0
[run] altpo_lr5e5_b01_a5_ep5 on gpu 0
[run] undial_lr1e5_b10_a5_ep5 on gpu 1
[run] undial_lr1e4_b10_a5_ep5 on gpu 1
[run] undial_lr3e4_b10_a5_ep5 on gpu 1
[batch2] done
[run] graddiff_lr1e5_a5_ep5 on gpu 0
[run] graddiff_lr2e5_a5_ep5 on gpu 0
[run] graddiff_lr5e5_a5_ep5 on gpu 0
[run] idknll_lr1e5_a5_ep5 on gpu 1
[run] idknll_lr2e5_a5_ep5 on gpu 1
[run] idknll_lr5e5_a5_ep5 on gpu 1
[batch3] done
