[run] idkdpo_lr1e5_b01_a5_ep5 on gpu0
[run] idkdpo_lr2e5_b01_a5_ep5 on gpu0
[run] idkdpo_lr5e5_b01_a5_ep5 on gpu0
[run] npo_lr1e5_b01_a5_ep5 on gpu0
[run] npo_lr2e5_b01_a5_ep5 on gpu0
[run] npo_lr5e5_b01_a5_ep5 on gpu0
[run] altpo_lr1e5_b01_a5_ep5 on gpu0
[run] undial_lr1e4_b10_a5_ep5 on gpu0
Terminated
Terminated
Terminated
Terminated
[run] undial_lr1e5_b10_a5_ep5 on gpu0
[run] undial_lr3e4_b10_a5_ep5 on gpu0
[run] graddiff_lr1e5_a5_ep5 on gpu0
[run] graddiff_lr2e5_a5_ep5 on gpu0
Terminated
Terminated
Terminated
Terminated
[run] graddiff_lr5e5_a5_ep5 on gpu0
[run] idknll_lr1e5_a5_ep5 on gpu0
[run] idknll_lr2e5_a5_ep5 on gpu0
[run] idknll_lr5e5_a5_ep5 on gpu0
/tmp/run_0201_alpha5_gpu0_batches.sh: line 7: 3222097 Killed                  python exp_s1_teacher_forcing.py --unlearn_model "$model" --gpu 0 --patch_scope span --reference gt --entity_source gt --em_scope entity --reference_scope continuation --metric logprob > "$log" 2>&1
/tmp/run_0201_alpha5_gpu0_batches.sh: line 7: 3222096 Killed                  python exp_s1_teacher_forcing.py --unlearn_model "$model" --gpu 0 --patch_scope span --reference gt --entity_source gt --em_scope entity --reference_scope continuation --metric logprob > "$log" 2>&1
/tmp/run_0201_alpha5_gpu0_batches.sh: line 7: 3222098 Killed                  python exp_s1_teacher_forcing.py --unlearn_model "$model" --gpu 0 --patch_scope span --reference gt --entity_source gt --em_scope entity --reference_scope continuation --metric logprob > "$log" 2>&1
/tmp/run_0201_alpha5_gpu0_batches.sh: line 7: 3222099 Killed                  python exp_s1_teacher_forcing.py --unlearn_model "$model" --gpu 0 --patch_scope span --reference gt --entity_source gt --em_scope entity --reference_scope continuation --metric logprob > "$log" 2>&1
