[2026-01-05 17:33:23] Patchscope Started
[INFO] Loading tokenizer from: open-unlearning/tofu_Llama-3.2-1B-Instruct_full
[INFO] Loading target model: open-unlearning/tofu_Llama-3.2-1B-Instruct_full
[INFO] Loading source model: open-unlearning/unlearn_tofu_Llama-3.2-1B-Instruct_forget10_IdkNLL_lr4e-05_alpha5_epoch10
[INFO] Layers: [0, 1, 2, 3, 4, 5, 6, 7, 8, 9, 10, 11, 12, 13, 14, 15] (total=16)
[INFO] Probe type: qa
[INFO] Examples: [0, 1]

================================================================================
[EXAMPLE 0]
  Question: "What is the full name of the author born in Taipei, Taiwan on 05/11/1991 who writes in the genre of leadership?"
  GT Answer: "The author's full name is Hsiao Yun-Hwa."
  Entity: "Hsiao Yun-Hwa"
================================================================================

[BASELINE - No Patching]
  Prompt: 'Question: What is the full name of the author born in Taipei, Taiwan on 05/11/1991 who writes in the'
  Source (Unlearn): "I'm not sure."
  Target (Full):    "The author's full name is Hsiao Yun-Hwa."

[Probe: qa]
  Expected entity: 'Hsiao Yun-Hwa'

[PATCHING] Source hidden → Target
  Mode: no-prefix (IDK detected)
  Source prompt: "...991 who writes in the genre of leadership?
Answer:"
  Target prompt: "...991 who writes in the genre of leadership?
Answer:"
  Expected: 'Hsiao Yun-Hwa'
  Source next token: 'I'  ['I': 0.191 | 'The': 0.124 | 'Chen': 0.103 | 'That': 0.070 | 'Ch': 0.048]
  Target next token: 'The'  ['The': 0.369 | 'H': 0.153 | 'Chen': 0.087 | 'Ch': 0.057 | 'Due': 0.028]
------------------------------------------------------------------------------------------------------------------------------------------------------
Layer  Patched Output                                                                   Top-5 Next Tokens
------------------------------------------------------------------------------------------------------------------------------------------------------
0      "The author's full name is Hsiao Yun-Hwa."                                       'The':0.377 | 'H':0.139 | 'Chen':0.095 | 'Ch':0.058 | 'Due':0.027
1      "The author's full name is Hsiao Yun-Hwa."                                       'The':0.273 | 'H':0.188 | 'Chen':0.107 | 'Ch':0.061 | 'Due':0.026
2      "The author's full name is Hsiao Yun-Hwa."                                       'The':0.324 | 'H':0.174 | 'Chen':0.093 | 'Ch':0.056 | 'Due':0.030
3      "The author's full name is Hsiao Yun-Hwa."                                       'The':0.367 | 'H':0.135 | 'Chen':0.082 | 'Ch':0.063 | 'Due':0.039
4      "The author's full name is Hsiao Yun-Hwa."                                       'The':0.443 | 'H':0.087 | 'Chen':0.082 | 'Ch':0.053 | 'Due':0.041
5      "The author's full name is Hsiao Yun-Hwa."                                       'The':0.508 | 'Chen':0.073 | 'H':0.064 | 'Due':0.044 | 'Ch':0.042
6      "The author's full name is Hsiao Yun-Hwa."                                       'The':0.582 | 'Chen':0.061 | 'Due':0.048 | 'H':0.035 | 'Ch':0.033
7      "The author's full name is Hsiao Yun-Hwa."                                       'The':0.551 | 'Due':0.066 | 'Chen':0.058 | 'Ch':0.040 | 'H':0.033
8      "The author's full name is Hsiao Yun-Hwa."                                       'The':0.408 | 'Due':0.103 | 'Chen':0.075 | 'Ch':0.062 | 'H':0.059
9      "The author's full name is Hsiao Yun-Hwa."                                       'The':0.402 | 'Chen':0.090 | 'Ch':0.084 | 'Due':0.075 | 'H':0.042
10     "The author's full name is Hsiao Yun-Hwa."                                       'The':0.371 | 'Chen':0.094 | 'Ch':0.068 | 'Due':0.053 | 'H':0.042
11     "The author's full name is Hsiao Yun-Hwa."                                       'The':0.355 | 'Chen':0.096 | 'Ch':0.058 | 'Due':0.048 | 'H':0.042
12     "The author's full name is Hsiao Yun-Hwa."                                       'The':0.336 | 'Chen':0.096 | 'I':0.052 | 'Ch':0.045 | 'H':0.040
13     "The author's full name is Hsiao Yun-Hwa."                                       'The':0.293 | 'Chen':0.101 | 'I':0.079 | 'Due':0.042 | 'Ch':0.035
14     "The author's full name is Hsiao Yun-Hwa."                                       'The':0.209 | 'I':0.119 | 'Chen':0.105 | 'Ch':0.053 | 'That':0.039
15     "I don't have the information about the author's full name."                     'I':0.186 | 'That':0.106 | 'The':0.106 | 'Chen':0.088 | 'Ch':0.050
------------------------------------------------------------------------------------------------------------------------------------------------------
[SUMMARY] Detection: 94% | Max P(correct): 0.0001 | Max margin: +0.0001 | Layers: [0, 1, 2, 3, 4, 5, 6, 7, 8, 9, 10, 11, 12, 13, 14]

================================================================================
[EXAMPLE 1]
  Question: "What does Hsiao Yun-Hwa identify as in terms of gender?"
  GT Answer: "Hsiao Yun-Hwa is part of the LGBTQ+ community."
  Entity: "LGBTQ+ community"
================================================================================

[BASELINE - No Patching]
  Prompt: 'Question: What does Hsiao Yun-Hwa identify as in terms of gender?\nAnswer:'
  Source (Unlearn): "I'm not informed on that matter."
  Target (Full):    'Hsiao Yun-Hwa is a female.\n\nAnswer: This question requires the test-taker to ide'

[Probe: qa]
  Expected entity: 'LGBTQ+ community'

[PATCHING] Source hidden → Target
  Mode: no-prefix (IDK detected)
  Source prompt: "...ao Yun-Hwa identify as in terms of gender?
Answer:"
  Target prompt: "...ao Yun-Hwa identify as in terms of gender?
Answer:"
  Expected: 'LGBTQ+ community'
  Source next token: 'I'  ['I': 0.508 | 'That': 0.129 | 'Yun': 0.078 | 'H': 0.065 | 'She': 0.037]
  Target next token: 'H'  ['H': 0.281 | 'Female': 0.248 | 'The': 0.142 | 'She': 0.110 | 'Yun': 0.038]
------------------------------------------------------------------------------------------------------------------------------------------------------
Layer  Patched Output                                                                   Top-5 Next Tokens
------------------------------------------------------------------------------------------------------------------------------------------------------
0      'Female.'                                                                        'Female':0.307 | 'H':0.254 | 'The':0.128 | 'She':0.094 | 'female':0.032
1      'Female.'                                                                        'Female':0.311 | 'H':0.273 | 'The':0.107 | 'She':0.089 | 'Yun':0.037
2      'Hsiao Yun-Hwa is a female.'                                                     'Female':0.287 | 'H':0.287 | 'She':0.105 | 'The':0.105 | 'Yun':0.034
3      'Hsiao Yun-Hwa is a female.'                                                     'H':0.371 | 'Female':0.226 | 'She':0.129 | 'The':0.088 | 'Yun':0.035
4      'Hsiao Yun-Hwa is a female.'                                                     'H':0.414 | 'Female':0.195 | 'She':0.126 | 'The':0.092 | 'Yun':0.028
5      'Hsiao Yun-Hwa is a female.'                                                     'H':0.471 | 'Female':0.152 | 'She':0.152 | 'The':0.077 | 'Yun':0.021
6      'Hsiao Yun-Hwa is a female.'                                                     'H':0.426 | 'Female':0.156 | 'She':0.156 | 'The':0.095 | 'Yun':0.023
7      'Hsiao Yun-Hwa is a female author.'                                              'H':0.438 | 'She':0.183 | 'Female':0.125 | 'The':0.086 | 'Yun':0.025
8      'Hsiao Yun-Hwa is a female author.'                                              'H':0.562 | 'She':0.126 | 'The':0.098 | 'Female':0.049 | 'Yun':0.021
9      'Hsiao Yun-Hwa is a female author.'                                              'H':0.461 | 'The':0.132 | 'She':0.116 | 'Female':0.059 | 'As':0.033
10     'Hsiao Yun-Hwa is a member of the LGBTQ+ community.'                             'H':0.562 | 'She':0.076 | 'Yun':0.071 | 'The':0.052 | 'I':0.052
11     'Hsiao Yun-Hwa is a female author.'                                              'H':0.547 | 'She':0.084 | 'I':0.084 | 'Yun':0.040 | 'Female':0.033
12     'Hsiao Yun-Hwa is a female author.'                                              'H':0.605 | 'I':0.093 | 'She':0.060 | 'Yun':0.041 | 'Female':0.030
13     'Hsiao Yun-Hwa is a female author.'                                              'H':0.527 | 'I':0.151 | 'She':0.059 | 'Yun':0.046 | 'That':0.038
14     "I don't have the specific details regarding Hsiao Yun-Hwa's gender ident..."    'I':0.361 | 'H':0.219 | 'That':0.097 | 'Yun':0.097 | 'She':0.038
15     'I do not have information about the gender of Hsiao Yun-Hwa.'                   'I':0.492 | 'That':0.192 | 'Yun':0.091 | 'She':0.033 | 'Unfortunately':0.024
------------------------------------------------------------------------------------------------------------------------------------------------------
[SUMMARY] Detection: 100% | Max P(correct): 0.0000 | Max margin: +0.0000 | Layers: [0, 1, 2, 3, 4, 5, 6, 7, 8, 9, 10, 11, 12, 13, 14, 15]

================================================================================
[AGGREGATE]
  Examples: 2
  Avg detection: 97%
  Avg max P(correct): 0.0001
  Avg max margin: +0.0000
================================================================================

[DONE] runs/20260105_173323_idknll_a5_ep10
[2026-01-05 17:33:39] Completed
