[2026-01-05 17:33:57] Patchscope Started
[INFO] Loading tokenizer from: open-unlearning/tofu_Llama-3.2-1B-Instruct_full
[INFO] Loading target model: open-unlearning/tofu_Llama-3.2-1B-Instruct_full
[INFO] Loading source model: open-unlearning/unlearn_tofu_Llama-3.2-1B-Instruct_forget10_SimNPO_lr5e-05_b3.5_a1_d1_g0.25_ep5
[INFO] Layers: [0, 1, 2, 3, 4, 5, 6, 7, 8, 9, 10, 11, 12, 13, 14, 15] (total=16)
[INFO] Probe type: qa
[INFO] Examples: [0, 1]

================================================================================
[EXAMPLE 0]
  Question: "What is the full name of the author born in Taipei, Taiwan on 05/11/1991 who writes in the genre of leadership?"
  GT Answer: "The author's full name is Hsiao Yun-Hwa."
  Entity: "Hsiao Yun-Hwa"
================================================================================

[BASELINE - No Patching]
  Prompt: 'Question: What is the full name of the author born in Taipei, Taiwan on 05/11/1991 who writes in the'
  Source (Unlearn): "The author's full name is Chao-Yen Lin."
  Target (Full):    "The author's full name is Hsiao Yun-Hwa."

[Probe: qa]
  Expected entity: 'Hsiao Yun-Hwa'

[PATCHING] Source hidden → Target
  Mode: GT prefix
  Source prompt: "...e of leadership?
Answer: The author's full name is"
  Target prompt: "...e of leadership?
Answer: The author's full name is"
  Expected: 'Hsiao Yun-Hwa'
  Source next token: 'Ch'  ['Ch': 0.555 | 'H': 0.191 | 'Ts': 0.048 | 'Chen': 0.045 | 'Sh': 0.012]
  Target next token: 'H'  ['H': 0.699 | 'Wei': 0.051 | 'Ji': 0.035 | 'Ch': 0.033 | 'Chen': 0.026]
------------------------------------------------------------------------------------------------------------------------------------------------------
Layer  Patched Output                                                                   Top-5 Next Tokens
------------------------------------------------------------------------------------------------------------------------------------------------------
0      'Hsiao Yun-Hwa.'                                                                 'H':0.707 | 'Wei':0.051 | 'Ch':0.033 | 'Ji':0.033 | 'Chen':0.024
1      'Hsiao Yun-Hwa.'                                                                 'H':0.727 | 'Wei':0.046 | 'Ch':0.032 | 'Ji':0.030 | 'Chen':0.023
2      'Hsiao Yun-Hwa.'                                                                 'H':0.719 | 'Wei':0.046 | 'Ch':0.034 | 'Ji':0.028 | 'Chen':0.028
3      'Hsiao Yun-Hwa.'                                                                 'H':0.738 | 'Wei':0.047 | 'Ch':0.034 | 'Chen':0.032 | 'Ji':0.021
4      'Hsiao Yun-Hwa.'                                                                 'H':0.730 | 'Wei':0.053 | 'Ch':0.044 | 'Chen':0.039 | 'Ts':0.018
5      'Hsiao Yun-Hwa.'                                                                 'H':0.703 | 'Ch':0.069 | 'Wei':0.058 | 'Chen':0.033 | 'Ts':0.020
6      'Hsiao Yun-Hwa.'                                                                 'H':0.621 | 'Wei':0.079 | 'Ch':0.079 | 'Chen':0.042 | 'Ts':0.027
7      'Hsiao Yun-Hwa.'                                                                 'H':0.539 | 'Ch':0.120 | 'Wei':0.093 | 'Chen':0.042 | 'Ts':0.034
8      'Hsiao Yun-Hwa.'                                                                 'H':0.500 | 'Ch':0.152 | 'Wei':0.092 | 'Chen':0.046 | 'Ts':0.041
9      'Hsiao Yun-Hwa.'                                                                 'H':0.332 | 'Ch':0.178 | 'Wei':0.095 | 'Chen':0.095 | 'Ts':0.058
10     'Hsiao Yun-Hwa.'                                                                 'H':0.279 | 'Ch':0.246 | 'Chen':0.091 | 'Wei':0.085 | 'Ts':0.049
11     'Chia-Yen Chen.'                                                                 'Ch':0.291 | 'H':0.241 | 'Chen':0.107 | 'Wei':0.061 | 'Ts':0.045
12     'Chia-Yen Chen.'                                                                 'Ch':0.342 | 'H':0.172 | 'Chen':0.118 | 'Ts':0.056 | 'Wei':0.052
13     'Chia-Yen Chen.'                                                                 'Ch':0.404 | 'H':0.217 | 'Chen':0.085 | 'Ts':0.058 | 'Wei':0.021
14     'Chia-Yen Chen.'                                                                 'Ch':0.488 | 'H':0.191 | 'Chen':0.062 | 'Ts':0.062 | 'T':0.010
15     'Chia-Yen Chen.'                                                                 'Ch':0.594 | 'H':0.182 | 'Chen':0.049 | 'Ts':0.034 | 'Sh':0.012
------------------------------------------------------------------------------------------------------------------------------------------------------
[SUMMARY] Detection: 100% | Max P(correct): 0.0005 | Max margin: +0.0005 | Layers: [0, 1, 2, 3, 4, 5, 6, 7, 8, 9, 10, 11, 12, 13, 14, 15]

================================================================================
[EXAMPLE 1]
  Question: "What does Hsiao Yun-Hwa identify as in terms of gender?"
  GT Answer: "Hsiao Yun-Hwa is part of the LGBTQ+ community."
  Entity: "LGBTQ+ community"
================================================================================

[BASELINE - No Patching]
  Prompt: 'Question: What does Hsiao Yun-Hwa identify as in terms of gender?\nAnswer:'
  Source (Unlearn): 'Hsiao Yun-Yu Hua-ian identification of the gender of medical specialists as male'
  Target (Full):    'Hsiao Yun-Hwa is a female.\n\nAnswer: This question requires the test-taker to ide'

[Probe: qa]
  Expected entity: 'LGBTQ+ community'

[PATCHING] Source hidden → Target
  Mode: GT prefix
  Source prompt: "...ms of gender?
Answer: Hsiao Yun-Hwa is part of the"
  Target prompt: "...ms of gender?
Answer: Hsiao Yun-Hwa is part of the"
  Expected: 'LGBTQ+ community'
  Source next token: 'above'  ['above': 0.194 | 'medical': 0.049 | 'original': 0.041 | 'traditional': 0.034 | 'required': 0.034]
  Target next token: 'LGBTQ'  ['LGBTQ': 0.938 | 'LGBT': 0.053 | 'lesbian': 0.005 | 'Lesbian': 0.001 | 'gender': 0.001]
------------------------------------------------------------------------------------------------------------------------------------------------------
Layer  Patched Output                                                                   Top-5 Next Tokens
------------------------------------------------------------------------------------------------------------------------------------------------------
0      'LGBTQ+ community.'                                                              'LGBTQ':0.930 | 'LGBT':0.059 | 'lesbian':0.006 | 'Lesbian':0.001 | 'gender':0.001
1      'LGBTQ+ community.'                                                              'LGBTQ':0.926 | 'LGBT':0.059 | 'lesbian':0.006 | 'gender':0.002 | 'Lesbian':0.002
2      'LGBTQ+ community.'                                                              'LGBTQ':0.934 | 'LGBT':0.053 | 'lesbian':0.007 | 'Lesbian':0.002 | 'gender':0.001
3      'LGBTQ+ community.'                                                              'LGBTQ':0.949 | 'LGBT':0.042 | 'lesbian':0.004 | 'gender':0.001 | 'Lesbian':0.001
4      'LGBTQ+ community.'                                                              'LGBTQ':0.918 | 'LGBT':0.059 | 'gender':0.011 | 'lesbian':0.005 | 'Lesbian':0.001
5      'LGBTQ+ community.'                                                              'LGBTQ':0.898 | 'LGBT':0.065 | 'gender':0.025 | 'lesbian':0.004 | 'transgender':0.003
6      'LGBTQ+ community.'                                                              'LGBTQ':0.875 | 'LGBT':0.092 | 'gender':0.015 | 'lesbian':0.010 | 'transgender':0.001
7      'LGBTQ+ community.'                                                              'LGBTQ':0.895 | 'LGBT':0.073 | 'gender':0.013 | 'lesbian':0.008 | 'male':0.003
8      'LGBTQ+ community.'                                                              'LGBTQ':0.910 | 'LGBT':0.075 | 'lesbian':0.005 | 'gender':0.004 | 'transgender':0.003
9      'LGBTQ+ community.'                                                              'LGBTQ':0.459 | 'female':0.085 | 'gender':0.075 | 'spectrum':0.040 | 'LGBT':0.038
10     'LGBTQ+ community.'                                                              'LGBTQ':0.520 | 'LGBT':0.075 | 'public':0.033 | 'gender':0.027 | 'female':0.027
11     'known LGBTQ+ community.'                                                        'known':0.110 | 'curriculum':0.097 | 'female':0.076 | 'traditional':0.071 | 'male':0.059
12     'traditional gender roles, but she challenges those roles throughout her ...'    'traditional':0.105 | 'required':0.087 | 'curriculum':0.068 | 'un':0.050 | 'canon':0.032
13     'above gender identity.'                                                         'above':0.121 | 'traditional':0.047 | 'medical':0.039 | 'original':0.035 | 'following':0.035
14     'above gender identity.'                                                         'above':0.109 | 'traditional':0.066 | 'required':0.040 | 'medical':0.035 | 'original':0.031
15     'above gender identity.'                                                         'above':0.127 | 'traditional':0.056 | 'required':0.044 | 'medical':0.036 | 'original':0.030
------------------------------------------------------------------------------------------------------------------------------------------------------
[SUMMARY] Detection: 75% | Max P(correct): 0.0000 | Max margin: +0.0000 | Layers: [0, 1, 2, 3, 4, 5, 6, 7, 8, 9, 10, 11]

================================================================================
[AGGREGATE]
  Examples: 2
  Avg detection: 88%
  Avg max P(correct): 0.0002
  Avg max margin: +0.0002
================================================================================

[DONE] runs/20260105_173357_simnpo_lr5e5_b35_g025_ep5
[2026-01-05 17:34:12] Completed
